[Message:   BepInEx] BepInEx 5.4.21.0 - Lethal Company (22/05/2024 22:07:57)
[Info   :   BepInEx] Running under Unity v2022.3.9.15351836
[Info   :   BepInEx] CLR runtime version: 4.0.30319.42000
[Info   :   BepInEx] Supports SRE: True
[Info   :   BepInEx] System platform: Bits64, Windows
[Message:   BepInEx] Preloader started
[Info   :   BepInEx] Loaded 1 patcher method from [BepInEx.Preloader 5.4.21.0]
[Info   :   BepInEx] 1 patcher plugin loaded
[Info   :   BepInEx] Patching [UnityEngine.CoreModule] with [BepInEx.Chainloader]
[Message:   BepInEx] Preloader finished
[Message:   BepInEx] Chainloader ready
[Message:   BepInEx] Chainloader started
[Info   :   BepInEx] 7 plugins to load
[Info   :   BepInEx] Loading [LethalConfig 1.4.2]
[Info   :ainavt.lc.lethalconfig] Registered config "LethalConfig/Example/Int Slider"
[Info   :ainavt.lc.lethalconfig] Registered config "LethalConfig/Example/Float Slider"
[Info   :ainavt.lc.lethalconfig] Registered config "LethalConfig/Example/Float Step Slider"
[Info   :ainavt.lc.lethalconfig] Registered config "LethalConfig/Example/Bool Checkbox"
[Info   :ainavt.lc.lethalconfig] Registered config "LethalConfig/Example/Enum Dropdown"
[Info   :ainavt.lc.lethalconfig] Registered config "LethalConfig/Example/Text Input"
[Info   :ainavt.lc.lethalconfig] Registered config "LethalConfig/Example/Multiline Text Input"
[Info   :ainavt.lc.lethalconfig] Registered config "LethalConfig.ConfigItems.GenericButtonConfigItem"
[Info   :ainavt.lc.lethalconfig] Registered config "LethalConfig/Example/Int Input"
[Info   :ainavt.lc.lethalconfig] Registered config "LethalConfig/Example/Float Input"
[Info   :ainavt.lc.lethalconfig] Registered config "LethalConfig/Example/Text Input Dropdown"
[Info   :ainavt.lc.lethalconfig] Finished loading assets.
[Info   :ainavt.lc.lethalconfig] LethalConfig loaded!
[Info   :   BepInEx] Loading [Terminal Api 1.5.4]
[Info   :Terminal Api] Plugin TerminalApi is loaded!
[Info   :   BepInEx] Loading [Imperium 0.1.9]
[Message:  Imperium] [MON] Imperium message block :)
╒══════════════════════════════════════════════════════════════════╕
│                    < Imperium Resource Loader >                    │
╞══════════════════════════════════════════════════════════════════╡
│ > Successfully loaded imperium_ui.prefab from asset bundle.      │
│ > Successfully loaded teleport_ui.prefab from asset bundle.      │
│ > Successfully loaded weather_ui.prefab from asset bundle.       │
│ > Successfully loaded spawning_ui.prefab from asset bundle.      │
│ > Successfully loaded moon_ui.prefab from asset bundle.          │
│ > Successfully loaded save_ui.prefab from asset bundle.          │
│ > Successfully loaded objects_ui.prefab from asset bundle.       │
│ > Successfully loaded settings_ui.prefab from asset bundle.      │
│ > Successfully loaded rendering_ui.prefab from asset bundle.     │
│ > Successfully loaded oracle_ui.prefab from asset bundle.        │
│ > Successfully loaded navigator_ui.prefab from asset bundle.     │
│ > Successfully loaded visualizer_ui.prefab from asset bundle.    │
│ > Successfully loaded confirmation_ui.prefab from asset bundle.  │
│ > Successfully loaded indicator.prefab from asset bundle.        │
│ > Successfully loaded map_ui.prefab from asset bundle.           │
│ > Successfully loaded minimap.prefab from asset bundle.          │
│ > Successfully loaded minimap_settings.prefab from asset bundle. │
│ > Successfully loaded layer_selector.prefab from asset bundle.   │
│ > Successfully loaded spawn_timer.prefab from asset bundle.      │
│ > Successfully loaded spiketrap_timer.prefab from asset bundle.  │
│ > Successfully loaded insight_panel.prefab from asset bundle.    │
│ > Successfully loaded spawn_indicator.prefab from asset bundle.  │
│ > Successfully loaded noise_overlay.prefab from asset bundle.    │
│ > Successfully loaded network_handler.prefab from asset bundle.  │
│ > Successfully loaded xray.mat from asset bundle.                │
│ > Successfully loaded fresnel_white.mat from asset bundle.       │
│ > Successfully loaded fresnel_blue.mat from asset bundle.        │
│ > Successfully loaded fresnel_red.mat from asset bundle.         │
│ > Successfully loaded fresnel_green.mat from asset bundle.       │
│ > Successfully loaded fresnel_yellow.mat from asset bundle.      │
│ > Successfully loaded wireframe_navmesh.mat from asset bundle.   │
│ > Successfully loaded wireframe_purple.mat from asset bundle.    │
│ > Successfully loaded wireframe_cyan.mat from asset bundle.      │
│ > Successfully loaded wireframe_amaranth.mat from asset bundle.  │
│ > Successfully loaded wireframe_yellow.mat from asset bundle.    │
│ > Successfully loaded wireframe_green.mat from asset bundle.     │
│ > Successfully loaded wireframe_red.mat from asset bundle.       │
│ > Successfully loaded shig.mat from asset bundle.                │
│ > Successfully loaded GrassClick.wav from asset bundle.          │
│ > Successfully loaded ButtonClick.ogg from asset bundle.         │
╘══════════════════════════════════════════════════════════════════╛
[Info   :  Imperium] [OK] Imperium is ready!
[Info   :   BepInEx] Loading [LethalDevMode 1.0.0]
[Info   :LethalDevMode] Plugin LethalDevMode is loaded!
[Info   :   BepInEx] Loading [CompanyExecutive 3.0.1]
[Message:Terminal Api] Not in game, waiting to be in game to add executive toggle keyword.
[Message:Terminal Api] Not in game, waiting to be in game to add executive consistent keyword.
[Message:Terminal Api] Not in game, waiting to be in game to add executive override keyword.
[Message:Terminal Api] Not in game, waiting to be in game to add executive give keyword.
[Info   :CompanyExecutive] Plugin CompanyExecutive is loaded!
[Info   :   BepInEx] Loading [RandomColors 1.0.1]
[Info   :RandomColors] RandomColors starting....
[Info   :ainavt.lc.lethalconfig] Registered config "RandomColors/General/AffectSunLight"
[Info   :ainavt.lc.lethalconfig] Registered config "RandomColors/General/AffectLights"
[Info   :ainavt.lc.lethalconfig] Registered config "RandomColors/General/AffectFlashLight"
[Info   :ainavt.lc.lethalconfig] Registered config "RandomColors/General/AffectItems"
[Info   :ainavt.lc.lethalconfig] Registered config "RandomColors/General/AffectEnemies"
[Info   :ainavt.lc.lethalconfig] Registered config "RandomColors/General/AffectCruiser"
[Info   :RandomColors] RandomColors is patched!
[Info   :   BepInEx] Loading [StaticNetcodeLib 1.1.0]
[Debug  :StaticNetcodeLib] Patching...
[Debug  :StaticNetcodeLib] Finished patching!
[Info   :StaticNetcodeLib] Xilophor.StaticNetcodeLib v1.1.0 has loaded!
[Message:   BepInEx] Chainloader startup complete
[Info   : Unity Log] Saving changed settings
[Info   : Unity Log] Facepunch transport is disabled.
[Info   :ainavt.lc.lethalconfig] Injecting mod config menu into main menu...
[Info   : Unity Log] file vers: 50 not compatible; 55
[Info   : Unity Log] Displaying menu notification: Some of your save files may not be compatible with version 55 and may be corrupted if you play them.
[Info   : Unity Log] Returning week num: 29
[Info   : Unity Log] week num: 29
[Warning: Unity Log] dxgi: swapchain SetFullscreenState failed (887a0022).
[Info   :ainavt.lc.lethalconfig] Injecting mod config menu into main menu...
[Debug  :ainavt.lc.lethalconfig] 7 mods loaded: ainavt.lc.lethalconfig;atomic.terminalapi;giosuel.Imperium;LethalDevMode;SoulWithMae.CompanyExecutive;wexop.randomcolors;Xilophor.StaticNetcodeLib
[Debug  :ainavt.lc.lethalconfig] ainavt.lc.lethalconfig : LethalConfig : 1.4.2
[Debug  :ainavt.lc.lethalconfig] atomic.terminalapi : Terminal Api : 1.5.4
[Debug  :ainavt.lc.lethalconfig] giosuel.Imperium : Imperium : 0.1.9
[Debug  :ainavt.lc.lethalconfig] LethalDevMode : LethalDevMode : 1.0.0
[Debug  :ainavt.lc.lethalconfig] SoulWithMae.CompanyExecutive : CompanyExecutive : 3.0.1
[Debug  :ainavt.lc.lethalconfig] wexop.randomcolors : RandomColors : 1.0.1
[Debug  :ainavt.lc.lethalconfig] Xilophor.StaticNetcodeLib : StaticNetcodeLib : 1.1.0
[Info   :ainavt.lc.lethalconfig] Generated 3 mod entries.
[Info   :ainavt.lc.lethalconfig] Generated 44 configs, of which 27 were missing and registered.
[Warning: Unity Log] dxgi: swapchain SetFullscreenState failed (887a0022).
[Warning: Unity Log] Failed to change display to ExclusiveFullscreen...reverting to FullscreenWindow
[Info   : Unity Log] host button pressed
[Info   : Unity Log] Returning week num: 29
[Info   : Unity Log] Clicked local connection only
[Info   : Unity Log] Displaying menu message
[Info   : Unity Log] Connection approval callback! Game version of client request: 
[Info   : Unity Log] Joining client id: 0; Local/host client id: 0
[Info   : Unity Log] Stopped connection approval callback, as the client in question was the host!
[Warning: Unity Log] [Netcode] You cannot decline the host connection. The connection was automatically approved.
[Info   : Unity Log] started host!
[Info   : Unity Log] are we in a server?: True
[Info   : Unity Log] Enabling connection callbacks in StartOfRound
[Info   : Unity Log] Began listening to SceneManager_OnLoadComplete1 on this client
[Message:Terminal Api] In game, applying any changes now.
[Message:Terminal Api] Added executive toggle keyword to terminal keywords.
[Message:Terminal Api] Added executive consistent keyword to terminal keywords.
[Message:Terminal Api] Added executive override keyword to terminal keywords.
[Message:Terminal Api] Added executive give keyword to terminal keywords.
[Warning: Unity Log] damageTrigger is disabled! Netcode for GameObjects does not support spawning disabled NetworkBehaviours! The InteractTrigger component was skipped during spawn!
[Info   : Unity Log] 1107298560
[Info   : Unity Log] 1107298560
[Info   : Unity Log] level id: 0
[Info   : Unity Log] Changing level
[Info   : Unity Log] Item sales percentages #0: 0
[Info   : Unity Log] Item sales percentages #1: 0
[Info   : Unity Log] Item sales percentages #2: 0
[Info   : Unity Log] Item sales percentages #3: 0
[Info   : Unity Log] Item sales percentages #4: 0
[Info   : Unity Log] Item sales percentages #5: 0
[Info   : Unity Log] Item sales percentages #6: 0
[Info   : Unity Log] Item sales percentages #7: 0
[Info   : Unity Log] Item sales percentages #8: 0
[Info   : Unity Log] Item sales percentages #9: 0
[Info   : Unity Log] Item sales percentages #10: 0
[Info   : Unity Log] Item sales percentages #11: 0
[Info   : Unity Log] Item sales percentages #12: 0
[Info   : Unity Log] Item sales percentages #13: 0
[Info   : Unity Log] Item sales percentages #14: 0
[Warning: Unity Log] NetworkVariable is written to, but doesn't know its NetworkBehaviour yet. Are you modifying a NetworkVariable before the NetworkObject is spawned?
[Info   : Unity Log] Suits: 1
[Info   : Unity Log] Suit #0: 0
[Info   : Unity Log] pos: (-2.45, 2.75, -8.41); rot: (0.00, 90.00, 0.00)
[Info   : Unity Log] Ship grabbable items list loaded. Count: 3
[Info   : Unity Log] Setting scrap value for item: LungApparatusTurnedOff(Clone): 80
[Info   : Unity Log] Setting scrap value for item: LungApparatusTurnedOff(Clone): 80
[Info   : Unity Log] Setting scrap value for item: LungApparatusTurnedOff(Clone): 80
[Info   : Unity Log] Loaded vehicle ID: -1
[Info   : Unity Log] Item sales percentages #0: 0
[Info   : Unity Log] Item sales percentages #1: 0
[Info   : Unity Log] Item sales percentages #2: 0
[Info   : Unity Log] Item sales percentages #3: 0
[Info   : Unity Log] Item sales percentages #4: 0
[Info   : Unity Log] Item sales percentages #5: 0
[Info   : Unity Log] Item sales percentages #6: 0
[Info   : Unity Log] Item sales percentages #7: 0
[Info   : Unity Log] Item sales percentages #8: 0
[Info   : Unity Log] Item sales percentages #9: 0
[Info   : Unity Log] Item sales percentages #10: 0
[Info   : Unity Log] Item sales percentages #11: 0
[Info   : Unity Log] Item sales percentages #12: 0
[Info   : Unity Log] Item sales percentages #13: 0
[Info   : Unity Log] Item sales percentages #14: 0
[Info   : Unity Log] Group credits: 1000000
[Info   :ainavt.lc.lethalconfig] Injecting mod config menu into quick menu...
[Info   : Unity Log] planet mold states length: $13
[Info   : Unity Log] Called teleport function on Player
[Info   : Unity Log] Current lobby is null. (Attempted to set lobby joinable True.)
[Info   : Unity Log] Taking control of player Player and enabling camera!
[Info   : Unity Log] Called teleport function on Player (1)
[Info   : Unity Log] Called teleport function on Player (2)
[Info   : Unity Log] Called teleport function on Player (3)
[Info   :  Imperium] [NET] Imperium access was granted!
[Info   :  Imperium] [OK] Successfully loaded Imperium.MonoBehaviours.ImpUI.MapUI.MinimapOverlay !
[Info   :  Imperium] [UI] Failed to bind button 'ImpFreecam/layer_selector(Clone)/Container/Window/TitleBox/Close'
[Info   :  Imperium] [OK] Successfully loaded Imperium.MonoBehaviours.ImpUI.LayerSelector.LayerSelector !
[Message:  Imperium] [MON] Imperium message block :)
╒═══════════════════════════════════════════════════╕
│              < Imperium Monitoring >              │
╞═══════════════════════════════════════════════════╡
│ Imperium scanned the current level for obstacles. │
│    > 0x Doors                                     │
│    > 0x Security doors                            │
│    > 0x Turrets                                   │
│    > 0x Landmines                                 │
│    > 0x Breaker boxes                             │
│    > 0x Spider webs                               │
╘═══════════════════════════════════════════════════╛
[Info   :  Imperium] [OK] Successfully loaded Imperium.MonoBehaviours.ImpUI.SettingsUI.SettingsUI !
[Info   :  Imperium] [OK] Successfully loaded Imperium.MonoBehaviours.ImpUI.SaveUI.ConfirmationUI !
[Info   :  Imperium] [OK] Successfully loaded Imperium.MonoBehaviours.ImpUI.SaveUI.SaveUI !
[Info   :  Imperium] [OK] Successfully loaded Imperium.MonoBehaviours.ImpUI.ObjectsUI.ObjectsUI !
[Info   :  Imperium] [OK] Successfully loaded Imperium.MonoBehaviours.ImpUI.MoonUI.MoonUI !
[Info   :  Imperium] [OK] Successfully loaded Imperium.MonoBehaviours.ImpUI.RenderingUI.RenderingUI !
[Info   :  Imperium] [OK] Successfully loaded Imperium.MonoBehaviours.ImpUI.VisualizationUI.VisualizationUI !
[Info   :  Imperium] [OK] Successfully loaded Imperium.MonoBehaviours.ImpUI.MinimapSettings.MinimapSettings !
[Info   :  Imperium] [OK] Successfully loaded Imperium.MonoBehaviours.ImpUI.ImperiumUI.ImperiumUI !
[Info   :  Imperium] [OK] Successfully loaded Imperium.MonoBehaviours.ImpUI.SpawningUI.SpawningUI !
[Info   :  Imperium] [OK] Successfully loaded Imperium.MonoBehaviours.ImpUI.TeleportUI.TeleportUI !
[Info   :  Imperium] [OK] Successfully loaded Imperium.MonoBehaviours.ImpUI.WeatherUI.WeatherUI !
[Info   :  Imperium] [OK] Successfully loaded Imperium.MonoBehaviours.ImpUI.OracleUI.OracleUI !
[Info   :  Imperium] [OK] Successfully loaded Imperium.MonoBehaviours.ImpUI.NavigatorUI.NavigatorUI !
[Info   :  Imperium] [UI] Failed to bind button 'ImpInterface/map_ui(Clone)/Container/FloorSlider/Reset'
[Info   :  Imperium] [OK] Successfully loaded Imperium.MonoBehaviours.ImpUI.MapUI.MapUI !
[Info   :  Imperium] [OK] Imperium UIs have been registered! \o/
[Info   : Unity Log] !!!! ENABLING CAMERA FOR PLAYER: Player
[Info   : Unity Log] !!!! connectedPlayersAmount: 0
[Info   : Unity Log] Has beta?: {hasBeta}
[Info   : Unity Log] Has beta save data: True
[Warning: Unity Log] BoxColliders does not support negative scale or size.
The effective box size has been forced positive and is likely to give unexpected collision geometry.
If you absolutely need to use negative scaling you can use the convex MeshCollider. Scene hierarchy path "Environment/HangarShip/LightSwitchContainer/PlacementCollider"
[Warning: Unity Log] BoxColliders does not support negative scale or size.
The effective box size has been forced positive and is likely to give unexpected collision geometry.
If you absolutely need to use negative scaling you can use the convex MeshCollider. Scene hierarchy path "Environment/HangarShip/Cube"
[Warning: Unity Log] BoxColliders does not support negative scale or size.
The effective box size has been forced positive and is likely to give unexpected collision geometry.
If you absolutely need to use negative scaling you can use the convex MeshCollider. Scene hierarchy path "Environment/HangarShip/AnimatedShipDoor/HangarDoorLeft (1)"
[Warning: Unity Log] BoxColliders does not support negative scale or size.
The effective box size has been forced positive and is likely to give unexpected collision geometry.
If you absolutely need to use negative scaling you can use the convex MeshCollider. Scene hierarchy path "Environment/HangarShip/ShipBottomColliders/Cube (1)"
[Warning: Unity Log] BoxColliders does not support negative scale or size.
The effective box size has been forced positive and is likely to give unexpected collision geometry.
If you absolutely need to use negative scaling you can use the convex MeshCollider. Scene hierarchy path "Environment/HangarShip/ControlDesk.001"
[Warning: Unity Log] BoxColliders does not support negative scale or size.
The effective box size has been forced positive and is likely to give unexpected collision geometry.
If you absolutely need to use negative scaling you can use the convex MeshCollider. Scene hierarchy path "Environment/HangarShip/ShipBottomColliders/Cube (3)"
[Warning: Unity Log] BoxColliders does not support negative scale or size.
The effective box size has been forced positive and is likely to give unexpected collision geometry.
If you absolutely need to use negative scaling you can use the convex MeshCollider. Scene hierarchy path "Environment/HangarShip/ShipBottomColliders/Cube (7)"
[Warning: Unity Log] BoxColliders does not support negative scale or size.
The effective box size has been forced positive and is likely to give unexpected collision geometry.
If you absolutely need to use negative scaling you can use the convex MeshCollider. Scene hierarchy path "Environment/HangarShip/ShipBottomColliders/Cube (6)"
[Warning: Unity Log] BoxColliders does not support negative scale or size.
The effective box size has been forced positive and is likely to give unexpected collision geometry.
If you absolutely need to use negative scaling you can use the convex MeshCollider. Scene hierarchy path "Environment/HangarShip/ShipBottomColliders/Cube (8)"
[Warning: Unity Log] BoxColliders does not support negative scale or size.
The effective box size has been forced positive and is likely to give unexpected collision geometry.
If you absolutely need to use negative scaling you can use the convex MeshCollider. Scene hierarchy path "Environment/HangarShip/ShipBottomColliders/Cube (5)"
[Warning: Unity Log] BoxColliders does not support negative scale or size.
The effective box size has been forced positive and is likely to give unexpected collision geometry.
If you absolutely need to use negative scaling you can use the convex MeshCollider. Scene hierarchy path "Environment/HangarShip/ShipBottomColliders/Cube (4)"
[Warning: Unity Log] BoxColliders does not support negative scale or size.
The effective box size has been forced positive and is likely to give unexpected collision geometry.
If you absolutely need to use negative scaling you can use the convex MeshCollider. Scene hierarchy path "Environment/HangarShip/StorageCloset/Cube.000/Cube"
[Warning: Unity Log] KillTrigger is disabled! Netcode for GameObjects does not support spawning disabled NetworkBehaviours! The InteractTrigger component was skipped during spawn!
[Warning: Unity Log] BaboonHawkEnemy is disabled! Netcode for GameObjects does not support spawning disabled NetworkBehaviours! The BaboonBirdAI component was skipped during spawn!
[Warning: Unity Log] BoxColliders does not support negative scale or size.
The effective box size has been forced positive and is likely to give unexpected collision geometry.
If you absolutely need to use negative scaling you can use the convex MeshCollider. Scene hierarchy path "TestRoom(Clone)/TestLevel/CatwalkStairs.002 (1)/StairCollider"
[Warning: Unity Log] BoxColliders does not support negative scale or size.
The effective box size has been forced positive and is likely to give unexpected collision geometry.
If you absolutely need to use negative scaling you can use the convex MeshCollider. Scene hierarchy path "TestRoom(Clone)/TestLevel/CatwalkStairs.002 (1)/StairCollider (6)"
[Warning: Unity Log] BoxColliders does not support negative scale or size.
The effective box size has been forced positive and is likely to give unexpected collision geometry.
If you absolutely need to use negative scaling you can use the convex MeshCollider. Scene hierarchy path "TestRoom(Clone)/TestLevel/CatwalkStairs.002 (1)/StairCollider (8)"
[Warning: Unity Log] BoxColliders does not support negative scale or size.
The effective box size has been forced positive and is likely to give unexpected collision geometry.
If you absolutely need to use negative scaling you can use the convex MeshCollider. Scene hierarchy path "TestRoom(Clone)/TestLevel/CatwalkStairs.002 (1)/StairCollider (10)"
[Warning: Unity Log] BoxColliders does not support negative scale or size.
The effective box size has been forced positive and is likely to give unexpected collision geometry.
If you absolutely need to use negative scaling you can use the convex MeshCollider. Scene hierarchy path "TestRoom(Clone)/TestLevel/CatwalkStairs.002 (1)/StairCollider (5)"
[Warning: Unity Log] BoxColliders does not support negative scale or size.
The effective box size has been forced positive and is likely to give unexpected collision geometry.
If you absolutely need to use negative scaling you can use the convex MeshCollider. Scene hierarchy path "TestRoom(Clone)/TestLevel/CatwalkStairs.002 (1)/StairCollider (9)"
[Warning: Unity Log] BoxColliders does not support negative scale or size.
The effective box size has been forced positive and is likely to give unexpected collision geometry.
If you absolutely need to use negative scaling you can use the convex MeshCollider. Scene hierarchy path "TestRoom(Clone)/TestLevel/CatwalkStairs.002 (1)/StairCollider (7)"
[Warning: Unity Log] BoxColliders does not support negative scale or size.
The effective box size has been forced positive and is likely to give unexpected collision geometry.
If you absolutely need to use negative scaling you can use the convex MeshCollider. Scene hierarchy path "TestRoom(Clone)/TestLevel/CatwalkStairs.002 (1)/StairCollider (4)"
[Warning: Unity Log] BoxColliders does not support negative scale or size.
The effective box size has been forced positive and is likely to give unexpected collision geometry.
If you absolutely need to use negative scaling you can use the convex MeshCollider. Scene hierarchy path "TestRoom(Clone)/TestLevel/CatwalkStairs.002 (1)/StairCollider (2)"
[Warning: Unity Log] BoxColliders does not support negative scale or size.
The effective box size has been forced positive and is likely to give unexpected collision geometry.
If you absolutely need to use negative scaling you can use the convex MeshCollider. Scene hierarchy path "TestRoom(Clone)/TestLevel/CatwalkStairs.002 (1)/StairCollider (3)"
[Warning: Unity Log] BoxColliders does not support negative scale or size.
The effective box size has been forced positive and is likely to give unexpected collision geometry.
If you absolutely need to use negative scaling you can use the convex MeshCollider. Scene hierarchy path "TestRoom(Clone)/TestLevel/CatwalkStairs.002 (1)/StairCollider (1)"
[Warning: Unity Log] [Dissonance:Recording] (23:14:23.029) BasePreprocessingPipeline: Lost 960 samples in the preprocessor (buffer full), injecting silence to compensate
[Warning: Unity Log] [Dissonance:Recording] (23:14:23.685) CapturePipelineManager: Detected a frame skip, forcing capture pipeline reset (Delta Time:0,2052555)
[Warning: Unity Log] [Dissonance:Recording] (23:14:24.447) CapturePipelineManager: Detected a frame skip, forcing capture pipeline reset (Delta Time:0,3338624)
[Warning: Unity Log] [Dissonance:Recording] (23:14:25.911) BasePreprocessingPipeline: Lost 960 samples in the preprocessor (buffer full), injecting silence to compensate
[Warning: Unity Log] Audio source failed to initialize audio spatializer. An audio spatializer is specified in the audio project settings, but the associated plugin was not found or initialized properly. Please make sure that the selected spatializer is compatible with the target.
[Warning: Unity Log] Audio source failed to initialize audio spatializer. An audio spatializer is specified in the audio project settings, but the associated plugin was not found or initialized properly. Please make sure that the selected spatializer is compatible with the target.
[Warning: Unity Log] Audio source failed to initialize audio spatializer. An audio spatializer is specified in the audio project settings, but the associated plugin was not found or initialized properly. Please make sure that the selected spatializer is compatible with the target.
[Warning: Unity Log] Audio source failed to initialize audio spatializer. An audio spatializer is specified in the audio project settings, but the associated plugin was not found or initialized properly. Please make sure that the selected spatializer is compatible with the target.
[Info   : Unity Log] False; False
[Info   : Unity Log] Set on interact early
[Info   : Unity Log] False; False
[Info   : Unity Log] False; False
[Info   : Unity Log] False; False
[Info   : Unity Log] False; False
[Info   : Unity Log] False; False
[Info   : Unity Log] Set on interact early
[Info   : Unity Log] False; False
[Info   : Unity Log] False; False
[Info   : Unity Log] False; False
[Info   : Unity Log] False; False
[Info   : Unity Log] False; False
[Info   : Unity Log] False; False
[Info   : Unity Log] False; False
[Info   : Unity Log] False; False
[Info   : Unity Log] False; False
[Info   : Unity Log] False; False
[Info   : Unity Log] False; False
[Info   : Unity Log] False; False
[Info   : Unity Log] False; False
[Info   : Unity Log] False; False
[Info   : Unity Log] False; False
[Info   : Unity Log] False; False
[Info   : Unity Log] False; False
[Info   : Unity Log] False; False
[Info   : Unity Log] False; False
[Info   : Unity Log] False; False
[Info   : Unity Log] False; False
[Info   : Unity Log] False; False
[Info   : Unity Log] False; False
[Info   : Unity Log] False; False
[Info   : Unity Log] False; False
[Info   : Unity Log] False; False
[Info   : Unity Log] False; False
[Info   : Unity Log] False; False
[Info   : Unity Log] False; False
[Info   : Unity Log] False; False
[Info   : Unity Log] False; False
[Info   : Unity Log] False; False
[Info   : Unity Log] False; False
[Info   : Unity Log] False; False
[Info   : Unity Log] False; False
[Info   : Unity Log] False; False
[Info   : Unity Log] False; False
[Info   : Unity Log] Called teleport function on Player
[Info   : Unity Log] Current behaviour state: 0
[Info   : Unity Log] CHANGING BEHAVIOUR STATE!!! to 1
[Warning: Unity Log] Setting linear velocity of a kinematic body is not supported.
[Info   : Unity Log] Running kill player function for LOCAL client, player object: Player
[Info   : Unity Log] A player died. player object: Player
[Info   : Unity Log] !!!! DISABLING CAMERA FOR PLAYER: Player
[Info   : Unity Log] !!!! connectedPlayersAmount: 0
[Info   : Unity Log] Adding boxes
[Info   : Unity Log] Current behaviour state: 1
[Info   : Unity Log] Current behaviour state: 1
[Warning: Unity Log] Setting linear velocity of a kinematic body is not supported.
[Warning: Unity Log] Setting angular velocity of a kinematic body is not supported.
[Info   : Unity Log] Disconnecting and setting networkobjects to destroy with owner
[Info   : Unity Log] saved vehicle: -1
[Info   : Unity Log] Server is not active; quitting to main menu
[Info   : Unity Log] Resetting unlockables list!
[Info   : Unity Log] Terminal disabled, disabling ESC key listener
[Info   : Unity Log] DISABLING connection callbacks in round manager
